<?xml version="1.0" encoding="UTF-8"?>
<!-- Generated by org.testng.reporters.JUnitReportReporter -->
<testsuite hostname="PE-HO-012" failures="0" tests="5" name="run.Run" time="18.803" errors="0" timestamp="2022-10-20T11:43:03 COT" skipped="0">
  <testcase classname="run.Run" name="seleccionarPrimerProducto" time="0.009"/>
  <system-out/>
  <testcase classname="run.Run" name="crearCuenta" time="0.004"/>
  <system-out/>
  <testcase classname="run.Run" name="alertsTools" time="0.002"/>
  <system-out/>
  <testcase classname="run.Run" name="dateTools" time="18.783"/>
  <system-out/>
  <testcase classname="run.Run" name="mercuryTours" time="0.005"/>
  <system-out/>
</testsuite> <!-- run.Run -->
