<?xml version="1.0" encoding="UTF-8"?>
<!-- Generated by org.testng.reporters.JUnitReportReporter -->
<testsuite hostname="PE-HO-012" failures="0" tests="5" name="run.Run" time="115.816" errors="0" timestamp="2022-10-03T08:41:49 COT" skipped="0">
  <testcase classname="run.Run" name="seleccionarPrimerProducto" time="27.902"/>
  <system-out/>
  <testcase classname="run.Run" name="crearCuenta" time="13.809"/>
  <system-out/>
  <testcase classname="run.Run" name="alertsTools" time="40.737"/>
  <system-out/>
  <testcase classname="run.Run" name="dateTools" time="15.825"/>
  <system-out/>
  <testcase classname="run.Run" name="mercuryTours" time="17.543"/>
  <system-out/>
</testsuite> <!-- run.Run -->
